\BOOKMARK [1][-]{section.1}{\376\377\000P\000r\000o\000j\000e\000c\000t\000\040\000O\000v\000e\000r\000v\000i\000e\000w}{}% 1
\BOOKMARK [2][-]{subsection.1.1}{\376\377\000B\000a\000c\000k\000g\000r\000o\000u\000n\000d}{section.1}% 2
\BOOKMARK [3][-]{subsubsection.1.1.1}{\376\377\000P\000e\000r\000s\000o\000n\000a\000l\000\040\000S\000i\000g\000n\000i\000f\000i\000c\000a\000n\000c\000e}{subsection.1.1}% 3
\BOOKMARK [3][-]{subsubsection.1.1.2}{\376\377\000C\000u\000r\000r\000e\000n\000t\000\040\000S\000t\000a\000t\000e\000\040\000o\000f\000\040\000A\000e\000r\000i\000a\000l\000\040\000D\000e\000l\000i\000v\000e\000r\000y\000\040\000S\000y\000s\000t\000e\000m\000s}{subsection.1.1}% 4
\BOOKMARK [2][-]{subsection.1.2}{\376\377\000O\000b\000j\000e\000c\000t\000i\000v\000e}{section.1}% 5
\BOOKMARK [2][-]{subsection.1.3}{\376\377\000K\000e\000y\000\040\000P\000e\000r\000f\000o\000r\000m\000a\000n\000c\000e\000\040\000I\000n\000d\000i\000c\000a\000t\000o\000r\000s\000\040\000\050\000K\000P\000I\000s\000\051}{section.1}% 6
\BOOKMARK [2][-]{subsection.1.4}{\376\377\000S\000t\000a\000k\000e\000h\000o\000l\000d\000e\000r\000s\000\040\000a\000n\000d\000\040\000R\000o\000l\000e\000s}{section.1}% 7
\BOOKMARK [2][-]{subsection.1.5}{\376\377\000T\000i\000m\000e\000l\000i\000n\000e}{section.1}% 8
\BOOKMARK [1][-]{section.2}{\376\377\000C\000o\000n\000c\000e\000p\000t\000\040\000D\000e\000v\000e\000l\000o\000p\000m\000e\000n\000t}{}% 9
\BOOKMARK [2][-]{subsection.2.1}{\376\377\000S\000y\000s\000t\000e\000m\000\040\000A\000r\000c\000h\000i\000t\000e\000c\000t\000u\000r\000e}{section.2}% 10
\BOOKMARK [3][-]{subsubsection.2.1.1}{\376\377\000D\000y\000n\000a\000m\000i\000c\000\040\000A\000e\000r\000i\000a\000l\000\040\000M\000o\000b\000i\000l\000i\000t\000y\000\040\000S\000y\000s\000t\000e\000m\000\040\000\050\000D\000A\000M\000S\000\051}{subsection.2.1}% 11
\BOOKMARK [3][-]{subsubsection.2.1.2}{\376\377\000P\000a\000y\000l\000o\000a\000d\000\040\000R\000e\000t\000r\000i\000e\000v\000a\000l\000\040\000a\000n\000d\000\040\000D\000e\000p\000l\000o\000y\000m\000e\000n\000t\000\040\000M\000o\000d\000u\000l\000e\000\040\000\050\000P\000R\000D\000M\000\051}{subsection.2.1}% 12
\BOOKMARK [3][-]{subsubsection.2.1.3}{\376\377\000A\000u\000t\000o\000m\000a\000t\000e\000d\000\040\000F\000l\000i\000g\000h\000t\000\040\000N\000a\000v\000i\000g\000a\000t\000i\000o\000n\000\040\000S\000y\000s\000t\000e\000m\000\040\000\050\000A\000F\000N\000S\000\051}{subsection.2.1}% 13
\BOOKMARK [3][-]{subsubsection.2.1.4}{\376\377\000A\000d\000a\000p\000t\000i\000v\000e\000\040\000F\000l\000i\000g\000h\000t\000\040\000C\000o\000n\000t\000r\000o\000l\000\040\000I\000n\000t\000e\000r\000f\000a\000c\000e\000\040\000\050\000A\000F\000C\000I\000\051}{subsection.2.1}% 14
\BOOKMARK [1][-]{section.3}{\376\377\000D\000e\000v\000e\000l\000o\000p\000m\000e\000n\000t\000\040\000A\000p\000p\000r\000o\000a\000c\000h}{}% 15
\BOOKMARK [2][-]{subsection.3.1}{\376\377\000D\000y\000n\000a\000m\000i\000c\000\040\000A\000e\000r\000i\000a\000l\000\040\000M\000o\000b\000i\000l\000i\000t\000y\000\040\000S\000y\000s\000t\000e\000m\000\040\000\050\000D\000A\000M\000S\000\051}{section.3}% 16
\BOOKMARK [3][-]{subsubsection.3.1.1}{\376\377\000F\000i\000x\000e\000d\000\040\000W\000i\000n\000g\000\040\000M\000o\000d\000e}{subsection.3.1}% 17
\BOOKMARK [3][-]{subsubsection.3.1.2}{\376\377\000V\000T\000O\000L\000\040\000M\000o\000d\000e}{subsection.3.1}% 18
\BOOKMARK [3][-]{subsubsection.3.1.3}{\376\377\000G\000e\000n\000e\000r\000a\000l\000\040\000F\000l\000i\000g\000h\000t}{subsection.3.1}% 19
\BOOKMARK [2][-]{subsection.3.2}{\376\377\000P\000a\000y\000l\000o\000a\000d\000\040\000R\000e\000t\000r\000i\000e\000v\000a\000l\000\040\000a\000n\000d\000\040\000D\000e\000p\000l\000o\000y\000m\000e\000n\000t\000\040\000M\000o\000d\000u\000l\000e\000\040\000\050\000P\000R\000D\000M\000\051}{section.3}% 20
\BOOKMARK [2][-]{subsection.3.3}{\376\377\000A\000u\000t\000o\000m\000a\000t\000e\000d\000\040\000F\000l\000i\000g\000h\000t\000\040\000N\000a\000v\000i\000g\000a\000t\000i\000o\000n\000\040\000S\000y\000s\000t\000e\000m\000\040\000\050\000A\000F\000N\000S\000\051}{section.3}% 21
\BOOKMARK [2][-]{subsection.3.4}{\376\377\000A\000d\000a\000p\000t\000i\000v\000e\000\040\000F\000l\000i\000g\000h\000t\000\040\000C\000o\000n\000t\000r\000o\000l\000\040\000I\000n\000t\000e\000r\000f\000a\000c\000e\000\040\000\050\000A\000F\000C\000I\000\051}{section.3}% 22
\BOOKMARK [2][-]{subsection.3.5}{\376\377\000R\000e\000q\000u\000i\000r\000e\000d\000\040\000R\000e\000s\000o\000u\000r\000c\000e\000s}{section.3}% 23
\BOOKMARK [1][-]{section.4}{\376\377\000C\000o\000n\000c\000l\000u\000s\000i\000o\000n}{}% 24
